<?xml version="1.0" encoding="UTF-8"?>
<!-- Generated by org.testng.reporters.JUnitReportReporter -->
<testsuite skipped="0" hostname="LAPTOP-90D768JV" name="com.packt.tests.LogInTest" tests="1" failures="0" timestamp="04 Jun 2021 11:56:22 GMT" time="10.855" errors="0">
  <testcase name="logInTest" time="10.855" classname="com.packt.tests.LogInTest"/>
</testsuite> <!-- com.packt.tests.LogInTest -->
